1765274810: mosquitto version 2.0.22 starting
1765274810: Config loaded from /mosquitto/config/mosquitto.conf.
1765274810: Opening ipv4 listen socket on port 1883.
1765274810: Opening ipv6 listen socket on port 1883.
1765274810: mosquitto version 2.0.22 running
1765275099: New connection from 172.19.0.1:59050 on port 1883.
1765275099: New client connected from 172.19.0.1:59050 as postman-mqtt-client-1765275098051 (p5, c0, k60).
1765275099: No will message specified.
1765275099: Sending CONNACK to postman-mqtt-client-1765275098051 (0, 0)
1765275099: Received SUBSCRIBE from postman-mqtt-client-1765275098051
1765275099: 	TopicControle (QoS 0)
1765275099: postman-mqtt-client-1765275098051 0 TopicControle
1765275099: Sending SUBACK to postman-mqtt-client-1765275098051
1765275111: Received UNSUBSCRIBE from postman-mqtt-client-1765275098051
1765275111: 	TopicControle
1765275111: postman-mqtt-client-1765275098051 TopicControle
1765275111: Sending UNSUBACK to postman-mqtt-client-1765275098051
1765275111: Received SUBSCRIBE from postman-mqtt-client-1765275098051
1765275111: 	TopicControle (QoS 0)
1765275111: postman-mqtt-client-1765275098051 0 TopicControle
1765275111: Sending SUBACK to postman-mqtt-client-1765275098051
1765275147: Received PUBLISH from postman-mqtt-client-1765275098051 (d0, q0, r0, m0, 'TopicControle', ... (22 bytes))
1765275147: Sending PUBLISH to postman-mqtt-client-1765275098051 (d0, q0, r0, m0, 'TopicControle', ... (22 bytes))
